c:\users\dharman-1\documents\visual studio 2013\projects\employeedetais\employeedetais\debug\vc120.pdb
c:\users\dharman-1\documents\visual studio 2013\projects\employeedetais\employeedetais\debug\vc120.idb
c:\users\dharman-1\documents\visual studio 2013\projects\employeedetais\employeedetais\debug\employee.obj
c:\users\dharman-1\documents\visual studio 2013\projects\employeedetais\employeedetais\debug\company.obj
c:\users\dharman-1\documents\visual studio 2013\projects\employeedetais\employeedetais\debug\main.obj
c:\users\dharman-1\documents\visual studio 2013\projects\employeedetais\debug\employeedetais.ilk
c:\users\dharman-1\documents\visual studio 2013\projects\employeedetais\debug\employeedetais.exe
c:\users\dharman-1\documents\visual studio 2013\projects\employeedetais\debug\employeedetais.pdb
c:\users\dharman-1\documents\visual studio 2013\projects\employeedetais\employeedetais\debug\employeedetais.tlog\cl.command.1.tlog
c:\users\dharman-1\documents\visual studio 2013\projects\employeedetais\employeedetais\debug\employeedetais.tlog\cl.read.1.tlog
c:\users\dharman-1\documents\visual studio 2013\projects\employeedetais\employeedetais\debug\employeedetais.tlog\cl.write.1.tlog
c:\users\dharman-1\documents\visual studio 2013\projects\employeedetais\employeedetais\debug\employeedetais.tlog\link-cvtres.read.1.tlog
c:\users\dharman-1\documents\visual studio 2013\projects\employeedetais\employeedetais\debug\employeedetais.tlog\link-cvtres.write.1.tlog
c:\users\dharman-1\documents\visual studio 2013\projects\employeedetais\employeedetais\debug\employeedetais.tlog\link-rc.read.1.tlog
c:\users\dharman-1\documents\visual studio 2013\projects\employeedetais\employeedetais\debug\employeedetais.tlog\link-rc.write.1.tlog
c:\users\dharman-1\documents\visual studio 2013\projects\employeedetais\employeedetais\debug\employeedetais.tlog\link.5236-cvtres.read.1.tlog
c:\users\dharman-1\documents\visual studio 2013\projects\employeedetais\employeedetais\debug\employeedetais.tlog\link.5236-cvtres.write.1.tlog
c:\users\dharman-1\documents\visual studio 2013\projects\employeedetais\employeedetais\debug\employeedetais.tlog\link.5236-rc.read.1.tlog
c:\users\dharman-1\documents\visual studio 2013\projects\employeedetais\employeedetais\debug\employeedetais.tlog\link.5236-rc.write.1.tlog
c:\users\dharman-1\documents\visual studio 2013\projects\employeedetais\employeedetais\debug\employeedetais.tlog\link.5236.read.1.tlog
c:\users\dharman-1\documents\visual studio 2013\projects\employeedetais\employeedetais\debug\employeedetais.tlog\link.5236.write.1.tlog
c:\users\dharman-1\documents\visual studio 2013\projects\employeedetais\employeedetais\debug\employeedetais.tlog\link.command.1.tlog
c:\users\dharman-1\documents\visual studio 2013\projects\employeedetais\employeedetais\debug\employeedetais.tlog\link.read.1.tlog
c:\users\dharman-1\documents\visual studio 2013\projects\employeedetais\employeedetais\debug\employeedetais.tlog\link.write.1.tlog
