Build started 12/8/2017 6:35:05 PM.
     1>Project "C:\Users\dharman-1\documents\visual studio 2013\Projects\EmployeeDetais\EmployeeDetais\EmployeeDetais.vcxproj" on node 2 (Build target(s)).
     1>ClCompile:
         C:\Program Files (x86)\Microsoft Visual Studio 12.0\VC\bin\CL.exe /c /ZI /nologo /W3 /WX- /sdl /Od /Oy- /D WIN32 /D _DEBUG /D _CONSOLE /D _LIB /D _UNICODE /D UNICODE /Gm /EHsc /RTC1 /MDd /GS /fp:precise /Zc:wchar_t /Zc:forScope /Fo"Debug\\" /Fd"Debug\vc120.pdb" /Gd /TP /analyze- /errorReport:prompt Company.cpp
         Company.cpp
     1>c:\users\dharman-1\documents\visual studio 2013\projects\employeedetais\employeedetais\company.cpp(140): warning C4018: '<' : signed/unsigned mismatch
     1>c:\users\dharman-1\documents\visual studio 2013\projects\employeedetais\employeedetais\company.cpp(154): warning C4018: '<' : signed/unsigned mismatch
     1>c:\users\dharman-1\documents\visual studio 2013\projects\employeedetais\employeedetais\company.cpp(190): warning C4018: '<' : signed/unsigned mismatch
     1>c:\users\dharman-1\documents\visual studio 2013\projects\employeedetais\employeedetais\company.cpp(283): warning C4018: '<' : signed/unsigned mismatch
     1>c:\users\dharman-1\documents\visual studio 2013\projects\employeedetais\employeedetais\company.cpp(53): warning C4715: 'Company::Search' : not all control paths return a value
     1>c:\users\dharman-1\documents\visual studio 2013\projects\employeedetais\employeedetais\company.cpp(227): warning C4715: 'Company::Update_pay' : not all control paths return a value
     1>c:\users\dharman-1\documents\visual studio 2013\projects\employeedetais\employeedetais\company.cpp(297): warning C4715: 'Company::print' : not all control paths return a value
       Link:
         C:\Program Files (x86)\Microsoft Visual Studio 12.0\VC\bin\link.exe /ERRORREPORT:PROMPT /OUT:"C:\Users\dharman-1\documents\visual studio 2013\Projects\EmployeeDetais\Debug\EmployeeDetais.exe" /INCREMENTAL /NOLOGO kernel32.lib user32.lib gdi32.lib winspool.lib comdlg32.lib advapi32.lib shell32.lib ole32.lib oleaut32.lib uuid.lib odbc32.lib odbccp32.lib /MANIFEST /MANIFESTUAC:"level='asInvoker' uiAccess='false'" /manifest:embed /DEBUG /PDB:"C:\Users\dharman-1\documents\visual studio 2013\Projects\EmployeeDetais\Debug\EmployeeDetais.pdb" /SUBSYSTEM:CONSOLE /TLBID:1 /DYNAMICBASE /NXCOMPAT /IMPLIB:"C:\Users\dharman-1\documents\visual studio 2013\Projects\EmployeeDetais\Debug\EmployeeDetais.lib" /MACHINE:X86 Debug\Company.obj
         Debug\employee.obj
         Debug\app.obj
         EmployeeDetais.vcxproj -> C:\Users\dharman-1\documents\visual studio 2013\Projects\EmployeeDetais\Debug\EmployeeDetais.exe
     1>Done Building Project "C:\Users\dharman-1\documents\visual studio 2013\Projects\EmployeeDetais\EmployeeDetais\EmployeeDetais.vcxproj" (Build target(s)).

Build succeeded.

Time Elapsed 00:00:01.62
